<?xml version="1.0" encoding="UTF-8"?>
<!-- Generated by org.testng.reporters.JUnitXMLReporter -->
<testsuite hostname="Desktop-KP-01" ignored="0" name="Surefire test" tests="1" failures="1" timestamp="10 Aug 2021 14:38:18 GMT" time="27.438" errors="0">
  <testcase name="Login" time="27.239" classname="admin.BWS1_Logins">
    <failure type="java.io.IOException" message="Destination &amp;apos;F:\Brandscape\BrandscapeAutomation\SS&amp;apos; directory cannot be created">
      <![CDATA[java.io.IOException: Destination 'F:\Brandscape\BrandscapeAutomation\SS' directory cannot be created
at org.apache.commons.io.FileUtils.copyFile(FileUtils.java:1070)
at org.apache.commons.io.FileUtils.copyFile(FileUtils.java:1028)
at baseClass.BaseClass.TakeScreenshot(BaseClass.java:447)
at admin.BWS1_Logins.Login(BWS1_Logins.java:48)
... Removed 30 stack frames]]>
    </failure>
  </testcase> <!-- Login -->
</testsuite> <!-- Surefire test -->
