<?xml version="1.0" encoding="UTF-8"?>
<!-- Generated by org.testng.reporters.JUnitXMLReporter -->
<testsuite ignored="0" hostname="Desktop-KP-01" failures="3" tests="3" name="Test" time="44.528" errors="0" timestamp="13 Sep 2021 15:17:39 GMT">
  <testcase classname="superAdmin.BWS1_Login" name="Login" time="21.905">
    <failure type="java.io.IOException" message="Destination &amp;apos;F:\Brandscape\BrandscapeAutomation\SS&amp;apos; directory cannot be created">
      <![CDATA[java.io.IOException: Destination 'F:\Brandscape\BrandscapeAutomation\SS' directory cannot be created
at org.apache.commons.io.FileUtils.copyFile(FileUtils.java:1070)
at org.apache.commons.io.FileUtils.copyFile(FileUtils.java:1028)
at baseClass.BaseClass.TakeScreenshot(BaseClass.java:447)
at superAdmin.BWS1_Login.Login(BWS1_Login.java:48)
... Removed 25 stack frames]]>
    </failure>
  </testcase> <!-- Login -->
  <testcase classname="superAdmin.BWS2_AddAdmin" name="AddAdmin" time="13.663">
    <failure type="java.io.IOException" message="Destination &amp;apos;F:\Brandscape\BrandscapeAutomation\SS&amp;apos; directory cannot be created">
      <![CDATA[java.io.IOException: Destination 'F:\Brandscape\BrandscapeAutomation\SS' directory cannot be created
at org.apache.commons.io.FileUtils.copyFile(FileUtils.java:1070)
at org.apache.commons.io.FileUtils.copyFile(FileUtils.java:1028)
at baseClass.BaseClass.TakeScreenshot(BaseClass.java:447)
at superAdmin.BWS2_AddAdmin.AddAdmin(BWS2_AddAdmin.java:45)
... Removed 25 stack frames]]>
    </failure>
  </testcase> <!-- AddAdmin -->
  <testcase classname="superAdmin.BWS903_Logout" name="Logout" time="8.393">
    <failure type="java.io.IOException" message="Destination &amp;apos;F:\Brandscape\BrandscapeAutomation\SS&amp;apos; directory cannot be created">
      <![CDATA[java.io.IOException: Destination 'F:\Brandscape\BrandscapeAutomation\SS' directory cannot be created
at org.apache.commons.io.FileUtils.copyFile(FileUtils.java:1070)
at org.apache.commons.io.FileUtils.copyFile(FileUtils.java:1028)
at baseClass.BaseClass.TakeScreenshot(BaseClass.java:447)
at superAdmin.BWS903_Logout.Logout(BWS903_Logout.java:36)
... Removed 25 stack frames]]>
    </failure>
  </testcase> <!-- Logout -->
</testsuite> <!-- Test -->
