<?xml version="1.0" encoding="UTF-8"?>
<!-- Generated by org.testng.reporters.JUnitXMLReporter -->
<testsuite ignored="0" hostname="Desktop-KP-01" failures="0" tests="3" name="Test" time="45.347" errors="0" timestamp="13 Sep 2021 15:48:50 GMT">
  <testcase classname="superAdmin.BWS1_Login" name="Login" time="23.382"/>
  <testcase classname="superAdmin.BWS2_AddAdmin" name="AddAdmin" time="12.975"/>
  <testcase classname="superAdmin.BWS903_Logout" name="Logout" time="8.369"/>
</testsuite> <!-- Test -->
