<?xml version="1.0" encoding="UTF-8"?>
<testng-results ignored="0" total="3" passed="3" failed="0" skipped="0">
  <reporter-output>
  </reporter-output>
  <suite started-at="2021-09-13T15:48:05Z" name="Suite" finished-at="2021-09-13T15:48:50Z" duration-ms="45347">
    <groups>
    </groups>
    <test started-at="2021-09-13T15:48:05Z" name="Test" finished-at="2021-09-13T15:48:50Z" duration-ms="45347">
      <class name="superAdmin.BWS1_Login">
        <test-method is-config="true" signature="ExtentReport()[pri:0, instance:superAdmin.BWS1_Login@20c0a64d]" started-at="2021-09-13T15:48:05Z" name="ExtentReport" finished-at="2021-09-13T15:48:05Z" duration-ms="228" status="PASS">
          <reporter-output>
          </reporter-output>
        </test-method> <!-- ExtentReport -->
        <test-method signature="Login()[pri:0, instance:superAdmin.BWS1_Login@20c0a64d]" started-at="2021-09-13T15:48:05Z" name="Login" finished-at="2021-09-13T15:48:28Z" duration-ms="23382" status="PASS">
          <reporter-output>
          </reporter-output>
        </test-method> <!-- Login -->
      </class> <!-- superAdmin.BWS1_Login -->
      <class name="superAdmin.BWS903_Logout">
        <test-method signature="Logout()[pri:0, instance:superAdmin.BWS903_Logout@4ddbbdf8]" started-at="2021-09-13T15:48:41Z" name="Logout" finished-at="2021-09-13T15:48:50Z" duration-ms="8369" status="PASS">
          <reporter-output>
          </reporter-output>
        </test-method> <!-- Logout -->
        <test-method is-config="true" signature="ReportFlush()[pri:0, instance:superAdmin.BWS903_Logout@4ddbbdf8]" started-at="2021-09-13T15:48:50Z" name="ReportFlush" finished-at="2021-09-13T15:48:50Z" duration-ms="363" status="PASS">
          <reporter-output>
          </reporter-output>
        </test-method> <!-- ReportFlush -->
      </class> <!-- superAdmin.BWS903_Logout -->
      <class name="superAdmin.BWS2_AddAdmin">
        <test-method signature="AddAdmin()[pri:0, instance:superAdmin.BWS2_AddAdmin@455b6df1]" started-at="2021-09-13T15:48:28Z" name="AddAdmin" finished-at="2021-09-13T15:48:41Z" duration-ms="12975" status="PASS">
          <reporter-output>
          </reporter-output>
        </test-method> <!-- AddAdmin -->
      </class> <!-- superAdmin.BWS2_AddAdmin -->
    </test> <!-- Test -->
  </suite> <!-- Suite -->
</testng-results>
